<?xml version="1.0" encoding="UTF-8"?>
<!-- Generated by org.testng.reporters.JUnitReportReporter -->
<testsuite hostname="DESKTOP-B50K3QI" failures="0" tests="3" name="api.tests.UserTests2" time="0.838" errors="0" timestamp="2024-02-14T12:37:20 EST" skipped="0">
  <testcase classname="api.tests.UserTests2" name="testCreateUser" time="0.227"/>
  <testcase classname="api.tests.UserTests2" name="testGetUserByName" time="0.192"/>
  <testcase classname="api.tests.UserTests2" name="testDeleteUser" time="0.419"/>
</testsuite> <!-- api.tests.UserTests2 -->
