<?xml version="1.0" encoding="UTF-8"?>
<!-- Generated by org.testng.reporters.JUnitReportReporter -->
<testsuite hostname="DESKTOP-B50K3QI" failures="0" tests="3" name="api.tests.UserTests" time="2.004" errors="0" timestamp="2024-02-14T12:37:20 EST" skipped="0">
  <testcase classname="api.tests.UserTests" name="testCreateUser" time="1.575"/>
  <testcase classname="api.tests.UserTests" name="testGetUserByName" time="0.207"/>
  <testcase classname="api.tests.UserTests" name="testDeleteUser" time="0.222"/>
</testsuite> <!-- api.tests.UserTests -->
